# JRE version: Java(TM) SE Runtime Environment (7.0_79-b15) (build 1.7.0_79-b15)
# Java VM: Java HotSpot(TM) 64-Bit Server VM (24.79-b02 mixed mode linux-amd64 compressed oops)
Heap
 PSYoungGen      total 295424K, used 244891K [0x00000000eaa80000, 0x0000000100000000, 0x0000000100000000)
  eden space 244224K, 83% used [0x00000000eaa80000,0x00000000f71f9ad8,0x00000000f9900000)
  from space 51200K, 79% used [0x00000000fcd80000,0x00000000ff52d2d8,0x00000000fff80000)
  to   space 52736K, 0% used [0x00000000f9900000,0x00000000f9900000,0x00000000fcc80000)
 ParOldGen       total 284672K, used 255020K [0x00000000c0000000, 0x00000000d1600000, 0x00000000eaa80000)
  object space 284672K, 89% used [0x00000000c0000000,0x00000000cf90b258,0x00000000d1600000)
 PSPermGen       total 186368K, used 130659K [0x00000000b0000000, 0x00000000bb600000, 0x00000000c0000000)
  object space 186368K, 70% used [0x00000000b0000000,0x00000000b7f98fb0,0x00000000bb600000)
GC Heap History (10 events):
Event: 766,118 GC heap before
{Heap before GC invocations=49 (full 1):
 PSYoungGen      total 298496K, used 280983K [0x00000000eaa80000, 0x0000000100000000, 0x0000000100000000)
  eden space 247296K, 100% used [0x00000000eaa80000,0x00000000f9c00000,0x00000000f9c00000)
  from space 51200K, 65% used [0x00000000f9c00000,0x00000000fbce5ce0,0x00000000fce00000)
  to   space 51200K, 0% used [0x00000000fce00000,0x00000000fce00000,0x0000000100000000)
 ParOldGen       total 284672K, used 244628K [0x00000000c0000000, 0x00000000d1600000, 0x00000000eaa80000)
  object space 284672K, 85% used [0x00000000c0000000,0x00000000ceee5028,0x00000000d1600000)
 PSPermGen       total 186368K, used 127058K [0x00000000b0000000, 0x00000000bb600000, 0x00000000c0000000)
  object space 186368K, 68% used [0x00000000b0000000,0x00000000b7c14a38,0x00000000bb600000)
Event: 766,194 GC heap after
Heap after GC invocations=49 (full 1):
 PSYoungGen      total 297472K, used 32757K [0x00000000eaa80000, 0x00000000fff00000, 0x0000000100000000)
  eden space 247296K, 0% used [0x00000000eaa80000,0x00000000eaa80000,0x00000000f9c00000)
  from space 50176K, 65% used [0x00000000fce00000,0x00000000fedfd6f8,0x00000000fff00000)
  to   space 50688K, 0% used [0x00000000f9c00000,0x00000000f9c00000,0x00000000fcd80000)
 ParOldGen       total 284672K, used 249347K [0x00000000c0000000, 0x00000000d1600000, 0x00000000eaa80000)
  object space 284672K, 87% used [0x00000000c0000000,0x00000000cf380de0,0x00000000d1600000)
 PSPermGen       total 186368K, used 127058K [0x00000000b0000000, 0x00000000bb600000, 0x00000000c0000000)
  object space 186368K, 68% used [0x00000000b0000000,0x00000000b7c14a38,0x00000000bb600000)
}
Event: 876,499 GC heap before
{Heap before GC invocations=50 (full 1):
 PSYoungGen      total 297472K, used 280053K [0x00000000eaa80000, 0x00000000fff00000, 0x0000000100000000)
  eden space 247296K, 100% used [0x00000000eaa80000,0x00000000f9c00000,0x00000000f9c00000)
  from space 50176K, 65% used [0x00000000fce00000,0x00000000fedfd6f8,0x00000000fff00000)
  to   space 50688K, 0% used [0x00000000f9c00000,0x00000000f9c00000,0x00000000fcd80000)
 ParOldGen       total 284672K, used 249347K [0x00000000c0000000, 0x00000000d1600000, 0x00000000eaa80000)
  object space 284672K, 87% used [0x00000000c0000000,0x00000000cf380de0,0x00000000d1600000)
 PSPermGen       total 186368K, used 128073K [0x00000000b0000000, 0x00000000bb600000, 0x00000000c0000000)
  object space 186368K, 68% used [0x00000000b0000000,0x00000000b7d126b8,0x00000000bb600000)
Event: 876,548 GC heap after
Heap after GC invocations=50 (full 1):
 PSYoungGen      total 297984K, used 35444K [0x00000000eaa80000, 0x0000000100000000, 0x0000000100000000)
  eden space 247296K, 0% used [0x00000000eaa80000,0x00000000eaa80000,0x00000000f9c00000)
  from space 50688K, 69% used [0x00000000f9c00000,0x00000000fbe9d3b8,0x00000000fcd80000)
  to   space 51200K, 0% used [0x00000000fce00000,0x00000000fce00000,0x0000000100000000)
 ParOldGen       total 284672K, used 252873K [0x00000000c0000000, 0x00000000d1600000, 0x00000000eaa80000)
  object space 284672K, 88% used [0x00000000c0000000,0x00000000cf6f24f0,0x00000000d1600000)
 PSPermGen       total 186368K, used 128073K [0x00000000b0000000, 0x00000000bb600000, 0x00000000c0000000)
  object space 186368K, 68% used [0x00000000b0000000,0x00000000b7d126b8,0x00000000bb600000)
}
Event: 952,792 GC heap before
{Heap before GC invocations=51 (full 1):
 PSYoungGen      total 297984K, used 282740K [0x00000000eaa80000, 0x0000000100000000, 0x0000000100000000)
  eden space 247296K, 100% used [0x00000000eaa80000,0x00000000f9c00000,0x00000000f9c00000)
  from space 50688K, 69% used [0x00000000f9c00000,0x00000000fbe9d3b8,0x00000000fcd80000)
  to   space 51200K, 0% used [0x00000000fce00000,0x00000000fce00000,0x0000000100000000)
 ParOldGen       total 284672K, used 252873K [0x00000000c0000000, 0x00000000d1600000, 0x00000000eaa80000)
  object space 284672K, 88% used [0x00000000c0000000,0x00000000cf6f24f0,0x00000000d1600000)
 PSPermGen       total 186368K, used 128553K [0x00000000b0000000, 0x00000000bb600000, 0x00000000c0000000)
  object space 186368K, 68% used [0x00000000b0000000,0x00000000b7d8a768,0x00000000bb600000)
Event: 952,847 GC heap after
Heap after GC invocations=51 (full 1):
 PSYoungGen      total 297472K, used 35956K [0x00000000eaa80000, 0x0000000100000000, 0x0000000100000000)
  eden space 246272K, 0% used [0x00000000eaa80000,0x00000000eaa80000,0x00000000f9b00000)
  from space 51200K, 70% used [0x00000000fce00000,0x00000000ff11d270,0x0000000100000000)
  to   space 51712K, 0% used [0x00000000f9b00000,0x00000000f9b00000,0x00000000fcd80000)
 ParOldGen       total 284672K, used 252873K [0x00000000c0000000, 0x00000000d1600000, 0x00000000eaa80000)
  object space 284672K, 88% used [0x00000000c0000000,0x00000000cf6f24f0,0x00000000d1600000)
 PSPermGen       total 186368K, used 128553K [0x00000000b0000000, 0x00000000bb600000, 0x00000000c0000000)
  object space 186368K, 68% used [0x00000000b0000000,0x00000000b7d8a768,0x00000000bb600000)
}
Event: 1041,248 GC heap before
{Heap before GC invocations=52 (full 1):
 PSYoungGen      total 297472K, used 282228K [0x00000000eaa80000, 0x0000000100000000, 0x0000000100000000)
  eden space 246272K, 100% used [0x00000000eaa80000,0x00000000f9b00000,0x00000000f9b00000)
  from space 51200K, 70% used [0x00000000fce00000,0x00000000ff11d270,0x0000000100000000)
  to   space 51712K, 0% used [0x00000000f9b00000,0x00000000f9b00000,0x00000000fcd80000)
 ParOldGen       total 284672K, used 252873K [0x00000000c0000000, 0x00000000d1600000, 0x00000000eaa80000)
  object space 284672K, 88% used [0x00000000c0000000,0x00000000cf6f24f0,0x00000000d1600000)
 PSPermGen       total 186368K, used 128907K [0x00000000b0000000, 0x00000000bb600000, 0x00000000c0000000)
  object space 186368K, 69% used [0x00000000b0000000,0x00000000b7de2dd0,0x00000000bb600000)
Event: 1041,290 GC heap after
Heap after GC invocations=52 (full 1):
 PSYoungGen      total 297984K, used 34410K [0x00000000eaa80000, 0x00000000fff80000, 0x0000000100000000)
  eden space 246272K, 0% used [0x00000000eaa80000,0x00000000eaa80000,0x00000000f9b00000)
  from space 51712K, 66% used [0x00000000f9b00000,0x00000000fbc9a838,0x00000000fcd80000)
  to   space 51200K, 0% used [0x00000000fcd80000,0x00000000fcd80000,0x00000000fff80000)
 ParOldGen       total 284672K, used 252873K [0x00000000c0000000, 0x00000000d1600000, 0x00000000eaa80000)
  object space 284672K, 88% used [0x00000000c0000000,0x00000000cf6f24f0,0x00000000d1600000)
 PSPermGen       total 186368K, used 128907K [0x00000000b0000000, 0x00000000bb600000, 0x00000000c0000000)
  object space 186368K, 69% used [0x00000000b0000000,0x00000000b7de2dd0,0x00000000bb600000)
}
Event: 1078,982 GC heap before
{Heap before GC invocations=53 (full 1):
 PSYoungGen      total 297984K, used 280682K [0x00000000eaa80000, 0x00000000fff80000, 0x0000000100000000)
  eden space 246272K, 100% used [0x00000000eaa80000,0x00000000f9b00000,0x00000000f9b00000)
  from space 51712K, 66% used [0x00000000f9b00000,0x00000000fbc9a838,0x00000000fcd80000)
  to   space 51200K, 0% used [0x00000000fcd80000,0x00000000fcd80000,0x00000000fff80000)
 ParOldGen       total 284672K, used 252873K [0x00000000c0000000, 0x00000000d1600000, 0x00000000eaa80000)
  object space 284672K, 88% used [0x00000000c0000000,0x00000000cf6f24f0,0x00000000d1600000)
 PSPermGen       total 186368K, used 129597K [0x00000000b0000000, 0x00000000bb600000, 0x00000000c0000000)
  object space 186368K, 69% used [0x00000000b0000000,0x00000000b7e8f7c8,0x00000000bb600000)
Event: 1079,042 GC heap after
Heap after GC invocations=53 (full 1):
 PSYoungGen      total 295424K, used 40628K [0x00000000eaa80000, 0x0000000100000000, 0x0000000100000000)
  eden space 244224K, 0% used [0x00000000eaa80000,0x00000000eaa80000,0x00000000f9900000)
  from space 51200K, 79% used [0x00000000fcd80000,0x00000000ff52d2d8,0x00000000fff80000)
  to   space 52736K, 0% used [0x00000000f9900000,0x00000000f9900000,0x00000000fcc80000)
 ParOldGen       total 284672K, used 255020K [0x00000000c0000000, 0x00000000d1600000, 0x00000000eaa80000)
  object space 284672K, 89% used [0x00000000c0000000,0x00000000cf90b258,0x00000000d1600000)
 PSPermGen       total 186368K, used 129597K [0x00000000b0000000, 0x00000000bb600000, 0x00000000c0000000)
  object space 186368K, 69% used [0x00000000b0000000,0x00000000b7e8f7c8,0x00000000bb600000)
}

