# JRE version: Java(TM) SE Runtime Environment (7.0_79-b15) (build 1.7.0_79-b15)
# Java VM: Java HotSpot(TM) 64-Bit Server VM (24.79-b02 mixed mode linux-amd64 compressed oops)
Heap
 PSYoungGen      total 287232K, used 205716K [0x00000000eaa80000, 0x0000000100000000, 0x0000000100000000)
  eden space 236032K, 68% used [0x00000000eaa80000,0x00000000f4743720,0x00000000f9100000)
  from space 51200K, 88% used [0x00000000fce00000,0x00000000ffa21a90,0x0000000100000000)
  to   space 56832K, 0% used [0x00000000f9100000,0x00000000f9100000,0x00000000fc880000)
 ParOldGen       total 288256K, used 257227K [0x00000000c0000000, 0x00000000d1980000, 0x00000000eaa80000)
  object space 288256K, 89% used [0x00000000c0000000,0x00000000cfb32c80,0x00000000d1980000)
 PSPermGen       total 185344K, used 121048K [0x00000000b0000000, 0x00000000bb500000, 0x00000000c0000000)
  object space 185344K, 65% used [0x00000000b0000000,0x00000000b76361e0,0x00000000bb500000)
GC Heap History (10 events):
Event: 66,433 GC heap before
{Heap before GC invocations=47 (full 1):
 PSYoungGen      total 303616K, used 303557K [0x00000000eaa80000, 0x0000000100000000, 0x0000000100000000)
  eden space 281088K, 100% used [0x00000000eaa80000,0x00000000fbd00000,0x00000000fbd00000)
  from space 22528K, 99% used [0x00000000fbd00000,0x00000000fd2f1570,0x00000000fd300000)
  to   space 35328K, 0% used [0x00000000fdd80000,0x00000000fdd80000,0x0000000100000000)
 ParOldGen       total 288256K, used 249794K [0x00000000c0000000, 0x00000000d1980000, 0x00000000eaa80000)
  object space 288256K, 86% used [0x00000000c0000000,0x00000000cf3f0ba8,0x00000000d1980000)
 PSPermGen       total 185344K, used 115546K [0x00000000b0000000, 0x00000000bb500000, 0x00000000c0000000)
  object space 185344K, 62% used [0x00000000b0000000,0x00000000b70d6998,0x00000000bb500000)
Event: 66,463 GC heap after
Heap after GC invocations=47 (full 1):
 PSYoungGen      total 311296K, used 25889K [0x00000000eaa80000, 0x0000000100000000, 0x0000000100000000)
  eden space 275968K, 0% used [0x00000000eaa80000,0x00000000eaa80000,0x00000000fb800000)
  from space 35328K, 73% used [0x00000000fdd80000,0x00000000ff6c87f8,0x0000000100000000)
  to   space 36864K, 0% used [0x00000000fb800000,0x00000000fb800000,0x00000000fdc00000)
 ParOldGen       total 288256K, used 249794K [0x00000000c0000000, 0x00000000d1980000, 0x00000000eaa80000)
  object space 288256K, 86% used [0x00000000c0000000,0x00000000cf3f0ba8,0x00000000d1980000)
 PSPermGen       total 185344K, used 115546K [0x00000000b0000000, 0x00000000bb500000, 0x00000000c0000000)
  object space 185344K, 62% used [0x00000000b0000000,0x00000000b70d6998,0x00000000bb500000)
}
Event: 108,016 GC heap before
{Heap before GC invocations=48 (full 1):
 PSYoungGen      total 311296K, used 301857K [0x00000000eaa80000, 0x0000000100000000, 0x0000000100000000)
  eden space 275968K, 100% used [0x00000000eaa80000,0x00000000fb800000,0x00000000fb800000)
  from space 35328K, 73% used [0x00000000fdd80000,0x00000000ff6c87f8,0x0000000100000000)
  to   space 36864K, 0% used [0x00000000fb800000,0x00000000fb800000,0x00000000fdc00000)
 ParOldGen       total 288256K, used 249794K [0x00000000c0000000, 0x00000000d1980000, 0x00000000eaa80000)
  object space 288256K, 86% used [0x00000000c0000000,0x00000000cf3f0ba8,0x00000000d1980000)
 PSPermGen       total 185344K, used 116565K [0x00000000b0000000, 0x00000000bb500000, 0x00000000c0000000)
  object space 185344K, 62% used [0x00000000b0000000,0x00000000b71d55d0,0x00000000bb500000)
Event: 108,060 GC heap after
Heap after GC invocations=48 (full 1):
 PSYoungGen      total 311808K, used 35397K [0x00000000eaa80000, 0x0000000100000000, 0x0000000100000000)
  eden space 275968K, 0% used [0x00000000eaa80000,0x00000000eaa80000,0x00000000fb800000)
  from space 35840K, 98% used [0x00000000fb800000,0x00000000fda91528,0x00000000fdb00000)
  to   space 37888K, 0% used [0x00000000fdb00000,0x00000000fdb00000,0x0000000100000000)
 ParOldGen       total 288256K, used 249794K [0x00000000c0000000, 0x00000000d1980000, 0x00000000eaa80000)
  object space 288256K, 86% used [0x00000000c0000000,0x00000000cf3f0ba8,0x00000000d1980000)
 PSPermGen       total 185344K, used 116565K [0x00000000b0000000, 0x00000000bb500000, 0x00000000c0000000)
  object space 185344K, 62% used [0x00000000b0000000,0x00000000b71d55d0,0x00000000bb500000)
}
Event: 163,791 GC heap before
{Heap before GC invocations=49 (full 1):
 PSYoungGen      total 311808K, used 311365K [0x00000000eaa80000, 0x0000000100000000, 0x0000000100000000)
  eden space 275968K, 100% used [0x00000000eaa80000,0x00000000fb800000,0x00000000fb800000)
  from space 35840K, 98% used [0x00000000fb800000,0x00000000fda91528,0x00000000fdb00000)
  to   space 37888K, 0% used [0x00000000fdb00000,0x00000000fdb00000,0x0000000100000000)
 ParOldGen       total 288256K, used 249794K [0x00000000c0000000, 0x00000000d1980000, 0x00000000eaa80000)
  object space 288256K, 86% used [0x00000000c0000000,0x00000000cf3f0ba8,0x00000000d1980000)
 PSPermGen       total 185344K, used 117411K [0x00000000b0000000, 0x00000000bb500000, 0x00000000c0000000)
  object space 185344K, 63% used [0x00000000b0000000,0x00000000b72a8df0,0x00000000bb500000)
Event: 163,863 GC heap after
Heap after GC invocations=49 (full 1):
 PSYoungGen      total 292352K, used 37876K [0x00000000eaa80000, 0x0000000100000000, 0x0000000100000000)
  eden space 254464K, 0% used [0x00000000eaa80000,0x00000000eaa80000,0x00000000fa300000)
  from space 37888K, 99% used [0x00000000fdb00000,0x00000000ffffd270,0x0000000100000000)
  to   space 47616K, 0% used [0x00000000fa300000,0x00000000fa300000,0x00000000fd180000)
 ParOldGen       total 288256K, used 252113K [0x00000000c0000000, 0x00000000d1980000, 0x00000000eaa80000)
  object space 288256K, 87% used [0x00000000c0000000,0x00000000cf6346c8,0x00000000d1980000)
 PSPermGen       total 185344K, used 117411K [0x00000000b0000000, 0x00000000bb500000, 0x00000000c0000000)
  object space 185344K, 63% used [0x00000000b0000000,0x00000000b72a8df0,0x00000000bb500000)
}
Event: 165,325 GC heap before
{Heap before GC invocations=50 (full 1):
 PSYoungGen      total 292352K, used 292340K [0x00000000eaa80000, 0x0000000100000000, 0x0000000100000000)
  eden space 254464K, 100% used [0x00000000eaa80000,0x00000000fa300000,0x00000000fa300000)
  from space 37888K, 99% used [0x00000000fdb00000,0x00000000ffffd270,0x0000000100000000)
  to   space 47616K, 0% used [0x00000000fa300000,0x00000000fa300000,0x00000000fd180000)
 ParOldGen       total 288256K, used 252113K [0x00000000c0000000, 0x00000000d1980000, 0x00000000eaa80000)
  object space 288256K, 87% used [0x00000000c0000000,0x00000000cf6346c8,0x00000000d1980000)
 PSPermGen       total 185344K, used 118337K [0x00000000b0000000, 0x00000000bb500000, 0x00000000c0000000)
  object space 185344K, 63% used [0x00000000b0000000,0x00000000b7390798,0x00000000bb500000)
Event: 165,385 GC heap after
Heap after GC invocations=50 (full 1):
 PSYoungGen      total 292864K, used 37904K [0x00000000eaa80000, 0x0000000100000000, 0x0000000100000000)
  eden space 254464K, 0% used [0x00000000eaa80000,0x00000000eaa80000,0x00000000fa300000)
  from space 38400K, 98% used [0x00000000fa300000,0x00000000fc804058,0x00000000fc880000)
  to   space 51200K, 0% used [0x00000000fce00000,0x00000000fce00000,0x0000000100000000)
 ParOldGen       total 288256K, used 257227K [0x00000000c0000000, 0x00000000d1980000, 0x00000000eaa80000)
  object space 288256K, 89% used [0x00000000c0000000,0x00000000cfb32c80,0x00000000d1980000)
 PSPermGen       total 185344K, used 118337K [0x00000000b0000000, 0x00000000bb500000, 0x00000000c0000000)
  object space 185344K, 63% used [0x00000000b0000000,0x00000000b7390798,0x00000000bb500000)
}
Event: 189,161 GC heap before
{Heap before GC invocations=51 (full 1):
 PSYoungGen      total 292864K, used 292368K [0x00000000eaa80000, 0x0000000100000000, 0x0000000100000000)
  eden space 254464K, 100% used [0x00000000eaa80000,0x00000000fa300000,0x00000000fa300000)
  from space 38400K, 98% used [0x00000000fa300000,0x00000000fc804058,0x00000000fc880000)
  to   space 51200K, 0% used [0x00000000fce00000,0x00000000fce00000,0x0000000100000000)
 ParOldGen       total 288256K, used 257227K [0x00000000c0000000, 0x00000000d1980000, 0x00000000eaa80000)
  object space 288256K, 89% used [0x00000000c0000000,0x00000000cfb32c80,0x00000000d1980000)
 PSPermGen       total 185344K, used 119813K [0x00000000b0000000, 0x00000000bb500000, 0x00000000c0000000)
  object space 185344K, 64% used [0x00000000b0000000,0x00000000b75017d0,0x00000000bb500000)
Event: 189,229 GC heap after
Heap after GC invocations=51 (full 1):
 PSYoungGen      total 287232K, used 45190K [0x00000000eaa80000, 0x0000000100000000, 0x0000000100000000)
  eden space 236032K, 0% used [0x00000000eaa80000,0x00000000eaa80000,0x00000000f9100000)
  from space 51200K, 88% used [0x00000000fce00000,0x00000000ffa21a90,0x0000000100000000)
  to   space 56832K, 0% used [0x00000000f9100000,0x00000000f9100000,0x00000000fc880000)
 ParOldGen       total 288256K, used 257227K [0x00000000c0000000, 0x00000000d1980000, 0x00000000eaa80000)
  object space 288256K, 89% used [0x00000000c0000000,0x00000000cfb32c80,0x00000000d1980000)
 PSPermGen       total 185344K, used 119813K [0x00000000b0000000, 0x00000000bb500000, 0x00000000c0000000)
  object space 185344K, 64% used [0x00000000b0000000,0x00000000b75017d0,0x00000000bb500000)
}

